2015/02/05 19:58:18 /Users/ajian/Code/codecenter/go/src/github.com/ant0ine/go-json-rest/rest/recover.go:72: reflect.Value.Interface: cannot return value obtained from unexported field or method
/Users/ajian/Code/codecenter/go/src/github.com/ant0ine/go-json-rest/rest/recover.go:41 (0x107007)
	func.017: trace := debug.Stack()
/usr/local/Cellar/go/1.3.3/libexec/src/pkg/runtime/panic.c:248 (0x1680d)
	panic: runtime·newstackcall(d->fn, (byte*)d->args, d->siz);
/usr/local/Cellar/go/1.3.3/libexec/src/pkg/reflect/value.go:1081 (0x1a53ac)
	valueInterface: panic("reflect.Value.Interface: cannot return value obtained from unexported field or method")
/usr/local/Cellar/go/1.3.3/libexec/src/pkg/reflect/value.go:1070 (0x1a527c)
	Value.Interface: return valueInterface(v, true)
/Users/ajian/Code/codecenter/go/src/github.com/go-xorm/xorm/engine.go:899 (0x91f68)
	(*Engine).mapType: if _, ok := fieldValue.Addr().Interface().(core.Conversion); ok {
/Users/ajian/Code/codecenter/go/src/github.com/go-xorm/xorm/engine.go:636 (0x8dc1d)
	(*Engine).autoMapType: table = engine.mapType(v)
/Users/ajian/Code/codecenter/go/src/github.com/go-xorm/xorm/engine.go:657 (0x8debb)
	(*Engine).TableInfo: return engine.autoMapType(v)
/Users/ajian/Code/codecenter/go/src/github.com/go-xorm/xorm/session.go:1006 (0xb9729)
	(*Session).Get: session.Statement.RefTable = session.Engine.TableInfo(bean)
/Users/ajian/百度云同步盘/Workspace/Project/Baidu/Project/canary/test/eggs/rest_packer.go:109 (0x2e5c)
	(*Api).PostPackerModule: has, err := api.DB.Where("id=?", va.OriginId).Get(&dbProgram)
/Users/ajian/百度云同步盘/Workspace/Project/Baidu/Project/canary/test/eggs/rest_server.go:74 (0x56e4)
	*Api.PostPackerModule.fm: &rest.Route{"POST", "/packer/module", api.PostPackerModule},
/Users/ajian/Code/codecenter/go/src/github.com/ant0ine/go-json-rest/rest/router.go:43 (0x107359)
	func.020: handler(writer, request)
/Users/ajian/Code/codecenter/go/src/github.com/ant0ine/go-json-rest/rest/auth_basic.go:76 (0x106795)
	func.008: handler(writer, request)
/Users/ajian/Code/codecenter/go/src/github.com/ant0ine/go-json-rest/rest/recover.go:57 (0x107254)
	func.018: h(w, r)
/Users/ajian/Code/codecenter/go/src/github.com/ant0ine/go-json-rest/rest/json_indent.go:35 (0x106bfc)
	func.012: handler(writer, r)
/Users/ajian/Code/codecenter/go/src/github.com/ant0ine/go-json-rest/rest/powered_by.go:26 (0x106dec)
	func.015: h(w, r)
/Users/ajian/Code/codecenter/go/src/github.com/ant0ine/go-json-rest/rest/recorder.go:22 (0x106eac)
	func.016: h(writer, r)
/Users/ajian/Code/codecenter/go/src/github.com/ant0ine/go-json-rest/rest/timer.go:20 (0x1077b0)
	func.022: h(w, r)
/Users/ajian/Code/codecenter/go/src/github.com/ant0ine/go-json-rest/rest/access_log_apache.go:78 (0x105f9e)
	func.001: h(w, r)
/Users/ajian/Code/codecenter/go/src/github.com/ant0ine/go-json-rest/rest/middleware.go:46 (0x106d1f)
	func.014: handler(writer, request)
/Users/ajian/Code/codecenter/go/src/github.com/ant0ine/go-json-rest/rest/handler.go:182 (0x102034)
	(*ResourceHandler).ServeHTTP: rh.handlerFunc(w, r)
/usr/local/Cellar/go/1.3.3/libexec/src/pkg/net/http/server.go:1673 (0x11d67f)
	serverHandler.ServeHTTP: handler.ServeHTTP(rw, req)
/usr/local/Cellar/go/1.3.3/libexec/src/pkg/net/http/server.go:1174 (0x11b27e)
	(*conn).serve: serverHandler{c.server}.ServeHTTP(w, w.req)
/usr/local/Cellar/go/1.3.3/libexec/src/pkg/runtime/proc.c:1445 (0x1b030)
	goexit: runtime·goexit(void)
2015/02/05 19:58:53 /Users/ajian/Code/codecenter/go/src/github.com/ant0ine/go-json-rest/rest/recover.go:72: reflect.Value.Interface: cannot return value obtained from unexported field or method
/Users/ajian/Code/codecenter/go/src/github.com/ant0ine/go-json-rest/rest/recover.go:41 (0x107007)
	func.017: trace := debug.Stack()
/usr/local/Cellar/go/1.3.3/libexec/src/pkg/runtime/panic.c:248 (0x1680d)
	panic: runtime·newstackcall(d->fn, (byte*)d->args, d->siz);
/usr/local/Cellar/go/1.3.3/libexec/src/pkg/reflect/value.go:1081 (0x1a53ac)
	valueInterface: panic("reflect.Value.Interface: cannot return value obtained from unexported field or method")
/usr/local/Cellar/go/1.3.3/libexec/src/pkg/reflect/value.go:1070 (0x1a527c)
	Value.Interface: return valueInterface(v, true)
/Users/ajian/Code/codecenter/go/src/github.com/go-xorm/xorm/engine.go:899 (0x91f68)
	(*Engine).mapType: if _, ok := fieldValue.Addr().Interface().(core.Conversion); ok {
/Users/ajian/Code/codecenter/go/src/github.com/go-xorm/xorm/engine.go:636 (0x8dc1d)
	(*Engine).autoMapType: table = engine.mapType(v)
/Users/ajian/Code/codecenter/go/src/github.com/go-xorm/xorm/engine.go:657 (0x8debb)
	(*Engine).TableInfo: return engine.autoMapType(v)
/Users/ajian/Code/codecenter/go/src/github.com/go-xorm/xorm/session.go:1006 (0xb9729)
	(*Session).Get: session.Statement.RefTable = session.Engine.TableInfo(bean)
/Users/ajian/百度云同步盘/Workspace/Project/Baidu/Project/canary/test/eggs/rest_packer.go:109 (0x2e5c)
	(*Api).PostPackerModule: has, err := api.DB.Where("id=?", va.OriginId).Get(&dbProgram)
/Users/ajian/百度云同步盘/Workspace/Project/Baidu/Project/canary/test/eggs/rest_server.go:74 (0x56e4)
	*Api.PostPackerModule.fm: &rest.Route{"POST", "/packer/module", api.PostPackerModule},
/Users/ajian/Code/codecenter/go/src/github.com/ant0ine/go-json-rest/rest/router.go:43 (0x107359)
	func.020: handler(writer, request)
/Users/ajian/Code/codecenter/go/src/github.com/ant0ine/go-json-rest/rest/auth_basic.go:76 (0x106795)
	func.008: handler(writer, request)
/Users/ajian/Code/codecenter/go/src/github.com/ant0ine/go-json-rest/rest/recover.go:57 (0x107254)
	func.018: h(w, r)
/Users/ajian/Code/codecenter/go/src/github.com/ant0ine/go-json-rest/rest/json_indent.go:35 (0x106bfc)
	func.012: handler(writer, r)
/Users/ajian/Code/codecenter/go/src/github.com/ant0ine/go-json-rest/rest/powered_by.go:26 (0x106dec)
	func.015: h(w, r)
/Users/ajian/Code/codecenter/go/src/github.com/ant0ine/go-json-rest/rest/recorder.go:22 (0x106eac)
	func.016: h(writer, r)
/Users/ajian/Code/codecenter/go/src/github.com/ant0ine/go-json-rest/rest/timer.go:20 (0x1077b0)
	func.022: h(w, r)
/Users/ajian/Code/codecenter/go/src/github.com/ant0ine/go-json-rest/rest/access_log_apache.go:78 (0x105f9e)
	func.001: h(w, r)
/Users/ajian/Code/codecenter/go/src/github.com/ant0ine/go-json-rest/rest/middleware.go:46 (0x106d1f)
	func.014: handler(writer, request)
/Users/ajian/Code/codecenter/go/src/github.com/ant0ine/go-json-rest/rest/handler.go:182 (0x102034)
	(*ResourceHandler).ServeHTTP: rh.handlerFunc(w, r)
/usr/local/Cellar/go/1.3.3/libexec/src/pkg/net/http/server.go:1673 (0x11d67f)
	serverHandler.ServeHTTP: handler.ServeHTTP(rw, req)
/usr/local/Cellar/go/1.3.3/libexec/src/pkg/net/http/server.go:1174 (0x11b27e)
	(*conn).serve: serverHandler{c.server}.ServeHTTP(w, w.req)
/usr/local/Cellar/go/1.3.3/libexec/src/pkg/runtime/proc.c:1445 (0x1b030)
	goexit: runtime·goexit(void)
2015/02/05 20:04:37 /Users/ajian/Code/codecenter/go/src/github.com/ant0ine/go-json-rest/rest/recover.go:72: reflect.Value.Interface: cannot return value obtained from unexported field or method
/Users/ajian/Code/codecenter/go/src/github.com/ant0ine/go-json-rest/rest/recover.go:41 (0x107007)
	func.017: trace := debug.Stack()
/usr/local/Cellar/go/1.3.3/libexec/src/pkg/runtime/panic.c:248 (0x1680d)
	panic: runtime·newstackcall(d->fn, (byte*)d->args, d->siz);
/usr/local/Cellar/go/1.3.3/libexec/src/pkg/reflect/value.go:1081 (0x1a53ac)
	valueInterface: panic("reflect.Value.Interface: cannot return value obtained from unexported field or method")
/usr/local/Cellar/go/1.3.3/libexec/src/pkg/reflect/value.go:1070 (0x1a527c)
	Value.Interface: return valueInterface(v, true)
/Users/ajian/Code/codecenter/go/src/github.com/go-xorm/xorm/engine.go:899 (0x91f68)
	(*Engine).mapType: if _, ok := fieldValue.Addr().Interface().(core.Conversion); ok {
/Users/ajian/Code/codecenter/go/src/github.com/go-xorm/xorm/engine.go:636 (0x8dc1d)
	(*Engine).autoMapType: table = engine.mapType(v)
/Users/ajian/Code/codecenter/go/src/github.com/go-xorm/xorm/engine.go:657 (0x8debb)
	(*Engine).TableInfo: return engine.autoMapType(v)
/Users/ajian/Code/codecenter/go/src/github.com/go-xorm/xorm/session.go:1006 (0xb9729)
	(*Session).Get: session.Statement.RefTable = session.Engine.TableInfo(bean)
/Users/ajian/百度云同步盘/Workspace/Project/Baidu/Project/canary/test/eggs/rest_packer.go:109 (0x2e5c)
	(*Api).PostPackerModule: has, err := api.DB.Where("id=?", va.OriginId).Get(&dbProgram)
/Users/ajian/百度云同步盘/Workspace/Project/Baidu/Project/canary/test/eggs/rest_server.go:74 (0x56e4)
	*Api.PostPackerModule.fm: &rest.Route{"POST", "/packer/module", api.PostPackerModule},
/Users/ajian/Code/codecenter/go/src/github.com/ant0ine/go-json-rest/rest/router.go:43 (0x107359)
	func.020: handler(writer, request)
/Users/ajian/Code/codecenter/go/src/github.com/ant0ine/go-json-rest/rest/auth_basic.go:76 (0x106795)
	func.008: handler(writer, request)
/Users/ajian/Code/codecenter/go/src/github.com/ant0ine/go-json-rest/rest/recover.go:57 (0x107254)
	func.018: h(w, r)
/Users/ajian/Code/codecenter/go/src/github.com/ant0ine/go-json-rest/rest/json_indent.go:35 (0x106bfc)
	func.012: handler(writer, r)
/Users/ajian/Code/codecenter/go/src/github.com/ant0ine/go-json-rest/rest/powered_by.go:26 (0x106dec)
	func.015: h(w, r)
/Users/ajian/Code/codecenter/go/src/github.com/ant0ine/go-json-rest/rest/recorder.go:22 (0x106eac)
	func.016: h(writer, r)
/Users/ajian/Code/codecenter/go/src/github.com/ant0ine/go-json-rest/rest/timer.go:20 (0x1077b0)
	func.022: h(w, r)
/Users/ajian/Code/codecenter/go/src/github.com/ant0ine/go-json-rest/rest/access_log_apache.go:78 (0x105f9e)
	func.001: h(w, r)
/Users/ajian/Code/codecenter/go/src/github.com/ant0ine/go-json-rest/rest/middleware.go:46 (0x106d1f)
	func.014: handler(writer, request)
/Users/ajian/Code/codecenter/go/src/github.com/ant0ine/go-json-rest/rest/handler.go:182 (0x102034)
	(*ResourceHandler).ServeHTTP: rh.handlerFunc(w, r)
/usr/local/Cellar/go/1.3.3/libexec/src/pkg/net/http/server.go:1673 (0x11d67f)
	serverHandler.ServeHTTP: handler.ServeHTTP(rw, req)
/usr/local/Cellar/go/1.3.3/libexec/src/pkg/net/http/server.go:1174 (0x11b27e)
	(*conn).serve: serverHandler{c.server}.ServeHTTP(w, w.req)
/usr/local/Cellar/go/1.3.3/libexec/src/pkg/runtime/proc.c:1445 (0x1b030)
	goexit: runtime·goexit(void)
2015/02/05 20:08:12 /Users/ajian/Code/codecenter/go/src/github.com/ant0ine/go-json-rest/rest/recover.go:72: reflect.Value.Interface: cannot return value obtained from unexported field or method
/Users/ajian/Code/codecenter/go/src/github.com/ant0ine/go-json-rest/rest/recover.go:41 (0x107007)
	func.017: trace := debug.Stack()
/usr/local/Cellar/go/1.3.3/libexec/src/pkg/runtime/panic.c:248 (0x1680d)
	panic: runtime·newstackcall(d->fn, (byte*)d->args, d->siz);
/usr/local/Cellar/go/1.3.3/libexec/src/pkg/reflect/value.go:1081 (0x1a53ac)
	valueInterface: panic("reflect.Value.Interface: cannot return value obtained from unexported field or method")
/usr/local/Cellar/go/1.3.3/libexec/src/pkg/reflect/value.go:1070 (0x1a527c)
	Value.Interface: return valueInterface(v, true)
/Users/ajian/Code/codecenter/go/src/github.com/go-xorm/xorm/engine.go:899 (0x91f68)
	(*Engine).mapType: if _, ok := fieldValue.Addr().Interface().(core.Conversion); ok {
/Users/ajian/Code/codecenter/go/src/github.com/go-xorm/xorm/engine.go:636 (0x8dc1d)
	(*Engine).autoMapType: table = engine.mapType(v)
/Users/ajian/Code/codecenter/go/src/github.com/go-xorm/xorm/engine.go:657 (0x8debb)
	(*Engine).TableInfo: return engine.autoMapType(v)
/Users/ajian/Code/codecenter/go/src/github.com/go-xorm/xorm/session.go:1006 (0xb9729)
	(*Session).Get: session.Statement.RefTable = session.Engine.TableInfo(bean)
/Users/ajian/百度云同步盘/Workspace/Project/Baidu/Project/canary/test/eggs/rest_packer.go:110 (0x2e5c)
	(*Api).PostPackerModule: has, err := api.DB.Where("id=?", va.OriginId).Get(&dbProgram)
/Users/ajian/百度云同步盘/Workspace/Project/Baidu/Project/canary/test/eggs/rest_server.go:74 (0x56e4)
	*Api.PostPackerModule.fm: &rest.Route{"POST", "/packer/module", api.PostPackerModule},
/Users/ajian/Code/codecenter/go/src/github.com/ant0ine/go-json-rest/rest/router.go:43 (0x107359)
	func.020: handler(writer, request)
/Users/ajian/Code/codecenter/go/src/github.com/ant0ine/go-json-rest/rest/auth_basic.go:76 (0x106795)
	func.008: handler(writer, request)
/Users/ajian/Code/codecenter/go/src/github.com/ant0ine/go-json-rest/rest/recover.go:57 (0x107254)
	func.018: h(w, r)
/Users/ajian/Code/codecenter/go/src/github.com/ant0ine/go-json-rest/rest/json_indent.go:35 (0x106bfc)
	func.012: handler(writer, r)
/Users/ajian/Code/codecenter/go/src/github.com/ant0ine/go-json-rest/rest/powered_by.go:26 (0x106dec)
	func.015: h(w, r)
/Users/ajian/Code/codecenter/go/src/github.com/ant0ine/go-json-rest/rest/recorder.go:22 (0x106eac)
	func.016: h(writer, r)
/Users/ajian/Code/codecenter/go/src/github.com/ant0ine/go-json-rest/rest/timer.go:20 (0x1077b0)
	func.022: h(w, r)
/Users/ajian/Code/codecenter/go/src/github.com/ant0ine/go-json-rest/rest/access_log_apache.go:78 (0x105f9e)
	func.001: h(w, r)
/Users/ajian/Code/codecenter/go/src/github.com/ant0ine/go-json-rest/rest/middleware.go:46 (0x106d1f)
	func.014: handler(writer, request)
/Users/ajian/Code/codecenter/go/src/github.com/ant0ine/go-json-rest/rest/handler.go:182 (0x102034)
	(*ResourceHandler).ServeHTTP: rh.handlerFunc(w, r)
/usr/local/Cellar/go/1.3.3/libexec/src/pkg/net/http/server.go:1673 (0x11d67f)
	serverHandler.ServeHTTP: handler.ServeHTTP(rw, req)
/usr/local/Cellar/go/1.3.3/libexec/src/pkg/net/http/server.go:1174 (0x11b27e)
	(*conn).serve: serverHandler{c.server}.ServeHTTP(w, w.req)
/usr/local/Cellar/go/1.3.3/libexec/src/pkg/runtime/proc.c:1445 (0x1b030)
	goexit: runtime·goexit(void)
2015/02/05 20:12:15 /Users/ajian/Code/codecenter/go/src/github.com/ant0ine/go-json-rest/rest/recover.go:72: reflect.Value.Interface: cannot return value obtained from unexported field or method
/Users/ajian/Code/codecenter/go/src/github.com/ant0ine/go-json-rest/rest/recover.go:41 (0x1070b7)
	func.017: trace := debug.Stack()
/usr/local/Cellar/go/1.3.3/libexec/src/pkg/runtime/panic.c:248 (0x168bd)
	panic: runtime·newstackcall(d->fn, (byte*)d->args, d->siz);
/usr/local/Cellar/go/1.3.3/libexec/src/pkg/reflect/value.go:1081 (0x1a545c)
	valueInterface: panic("reflect.Value.Interface: cannot return value obtained from unexported field or method")
/usr/local/Cellar/go/1.3.3/libexec/src/pkg/reflect/value.go:1070 (0x1a532c)
	Value.Interface: return valueInterface(v, true)
/Users/ajian/Code/codecenter/go/src/github.com/go-xorm/xorm/engine.go:899 (0x92018)
	(*Engine).mapType: if _, ok := fieldValue.Addr().Interface().(core.Conversion); ok {
/Users/ajian/Code/codecenter/go/src/github.com/go-xorm/xorm/engine.go:636 (0x8dccd)
	(*Engine).autoMapType: table = engine.mapType(v)
/Users/ajian/Code/codecenter/go/src/github.com/go-xorm/xorm/engine.go:657 (0x8df6b)
	(*Engine).TableInfo: return engine.autoMapType(v)
/Users/ajian/Code/codecenter/go/src/github.com/go-xorm/xorm/session.go:1006 (0xb97d9)
	(*Session).Get: session.Statement.RefTable = session.Engine.TableInfo(bean)
/Users/ajian/百度云同步盘/Workspace/Project/Baidu/Project/canary/test/eggs/rest_packer.go:111 (0x2eff)
	(*Api).PostPackerModule: has, err := api.DB.Where("id=?", va.OriginId).Get(&dbProgram)
/Users/ajian/百度云同步盘/Workspace/Project/Baidu/Project/canary/test/eggs/rest_server.go:74 (0x5794)
	*Api.PostPackerModule.fm: &rest.Route{"POST", "/packer/module", api.PostPackerModule},
/Users/ajian/Code/codecenter/go/src/github.com/ant0ine/go-json-rest/rest/router.go:43 (0x107409)
	func.020: handler(writer, request)
/Users/ajian/Code/codecenter/go/src/github.com/ant0ine/go-json-rest/rest/auth_basic.go:76 (0x106845)
	func.008: handler(writer, request)
/Users/ajian/Code/codecenter/go/src/github.com/ant0ine/go-json-rest/rest/recover.go:57 (0x107304)
	func.018: h(w, r)
/Users/ajian/Code/codecenter/go/src/github.com/ant0ine/go-json-rest/rest/json_indent.go:35 (0x106cac)
	func.012: handler(writer, r)
/Users/ajian/Code/codecenter/go/src/github.com/ant0ine/go-json-rest/rest/powered_by.go:26 (0x106e9c)
	func.015: h(w, r)
/Users/ajian/Code/codecenter/go/src/github.com/ant0ine/go-json-rest/rest/recorder.go:22 (0x106f5c)
	func.016: h(writer, r)
/Users/ajian/Code/codecenter/go/src/github.com/ant0ine/go-json-rest/rest/timer.go:20 (0x107860)
	func.022: h(w, r)
/Users/ajian/Code/codecenter/go/src/github.com/ant0ine/go-json-rest/rest/access_log_apache.go:78 (0x10604e)
	func.001: h(w, r)
/Users/ajian/Code/codecenter/go/src/github.com/ant0ine/go-json-rest/rest/middleware.go:46 (0x106dcf)
	func.014: handler(writer, request)
/Users/ajian/Code/codecenter/go/src/github.com/ant0ine/go-json-rest/rest/handler.go:182 (0x1020e4)
	(*ResourceHandler).ServeHTTP: rh.handlerFunc(w, r)
/usr/local/Cellar/go/1.3.3/libexec/src/pkg/net/http/server.go:1673 (0x11d72f)
	serverHandler.ServeHTTP: handler.ServeHTTP(rw, req)
/usr/local/Cellar/go/1.3.3/libexec/src/pkg/net/http/server.go:1174 (0x11b32e)
	(*conn).serve: serverHandler{c.server}.ServeHTTP(w, w.req)
/usr/local/Cellar/go/1.3.3/libexec/src/pkg/runtime/proc.c:1445 (0x1b0e0)
	goexit: runtime·goexit(void)
2015/02/05 20:13:29 /Users/ajian/Code/codecenter/go/src/github.com/ant0ine/go-json-rest/rest/recover.go:72: reflect.Value.Interface: cannot return value obtained from unexported field or method
/Users/ajian/Code/codecenter/go/src/github.com/ant0ine/go-json-rest/rest/recover.go:41 (0x107137)
	func.017: trace := debug.Stack()
/usr/local/Cellar/go/1.3.3/libexec/src/pkg/runtime/panic.c:248 (0x1693d)
	panic: runtime·newstackcall(d->fn, (byte*)d->args, d->siz);
/usr/local/Cellar/go/1.3.3/libexec/src/pkg/reflect/value.go:1081 (0x1a54dc)
	valueInterface: panic("reflect.Value.Interface: cannot return value obtained from unexported field or method")
/usr/local/Cellar/go/1.3.3/libexec/src/pkg/reflect/value.go:1070 (0x1a53ac)
	Value.Interface: return valueInterface(v, true)
/Users/ajian/Code/codecenter/go/src/github.com/go-xorm/xorm/engine.go:899 (0x92098)
	(*Engine).mapType: if _, ok := fieldValue.Addr().Interface().(core.Conversion); ok {
/Users/ajian/Code/codecenter/go/src/github.com/go-xorm/xorm/engine.go:636 (0x8dd4d)
	(*Engine).autoMapType: table = engine.mapType(v)
/Users/ajian/Code/codecenter/go/src/github.com/go-xorm/xorm/engine.go:657 (0x8dfeb)
	(*Engine).TableInfo: return engine.autoMapType(v)
/Users/ajian/Code/codecenter/go/src/github.com/go-xorm/xorm/session.go:1006 (0xb9859)
	(*Session).Get: session.Statement.RefTable = session.Engine.TableInfo(bean)
/Users/ajian/百度云同步盘/Workspace/Project/Baidu/Project/canary/test/eggs/rest_packer.go:112 (0x2f7c)
	(*Api).PostPackerModule: has, err := api.DB.Where("id=?", va.OriginId).Get(&dbProgram)
/Users/ajian/百度云同步盘/Workspace/Project/Baidu/Project/canary/test/eggs/rest_server.go:74 (0x5814)
	*Api.PostPackerModule.fm: &rest.Route{"POST", "/packer/module", api.PostPackerModule},
/Users/ajian/Code/codecenter/go/src/github.com/ant0ine/go-json-rest/rest/router.go:43 (0x107489)
	func.020: handler(writer, request)
/Users/ajian/Code/codecenter/go/src/github.com/ant0ine/go-json-rest/rest/auth_basic.go:76 (0x1068c5)
	func.008: handler(writer, request)
/Users/ajian/Code/codecenter/go/src/github.com/ant0ine/go-json-rest/rest/recover.go:57 (0x107384)
	func.018: h(w, r)
/Users/ajian/Code/codecenter/go/src/github.com/ant0ine/go-json-rest/rest/json_indent.go:35 (0x106d2c)
	func.012: handler(writer, r)
/Users/ajian/Code/codecenter/go/src/github.com/ant0ine/go-json-rest/rest/powered_by.go:26 (0x106f1c)
	func.015: h(w, r)
/Users/ajian/Code/codecenter/go/src/github.com/ant0ine/go-json-rest/rest/recorder.go:22 (0x106fdc)
	func.016: h(writer, r)
/Users/ajian/Code/codecenter/go/src/github.com/ant0ine/go-json-rest/rest/timer.go:20 (0x1078e0)
	func.022: h(w, r)
/Users/ajian/Code/codecenter/go/src/github.com/ant0ine/go-json-rest/rest/access_log_apache.go:78 (0x1060ce)
	func.001: h(w, r)
/Users/ajian/Code/codecenter/go/src/github.com/ant0ine/go-json-rest/rest/middleware.go:46 (0x106e4f)
	func.014: handler(writer, request)
/Users/ajian/Code/codecenter/go/src/github.com/ant0ine/go-json-rest/rest/handler.go:182 (0x102164)
	(*ResourceHandler).ServeHTTP: rh.handlerFunc(w, r)
/usr/local/Cellar/go/1.3.3/libexec/src/pkg/net/http/server.go:1673 (0x11d7af)
	serverHandler.ServeHTTP: handler.ServeHTTP(rw, req)
/usr/local/Cellar/go/1.3.3/libexec/src/pkg/net/http/server.go:1174 (0x11b3ae)
	(*conn).serve: serverHandler{c.server}.ServeHTTP(w, w.req)
/usr/local/Cellar/go/1.3.3/libexec/src/pkg/runtime/proc.c:1445 (0x1b160)
	goexit: runtime·goexit(void)
2015/02/05 20:15:05 /Users/ajian/Code/codecenter/go/src/github.com/ant0ine/go-json-rest/rest/recover.go:72: reflect.Value.Interface: cannot return value obtained from unexported field or method
/Users/ajian/Code/codecenter/go/src/github.com/ant0ine/go-json-rest/rest/recover.go:41 (0x107137)
	func.017: trace := debug.Stack()
/usr/local/Cellar/go/1.3.3/libexec/src/pkg/runtime/panic.c:248 (0x1693d)
	panic: runtime·newstackcall(d->fn, (byte*)d->args, d->siz);
/usr/local/Cellar/go/1.3.3/libexec/src/pkg/reflect/value.go:1081 (0x1a54dc)
	valueInterface: panic("reflect.Value.Interface: cannot return value obtained from unexported field or method")
/usr/local/Cellar/go/1.3.3/libexec/src/pkg/reflect/value.go:1070 (0x1a53ac)
	Value.Interface: return valueInterface(v, true)
/Users/ajian/Code/codecenter/go/src/github.com/go-xorm/xorm/engine.go:899 (0x92098)
	(*Engine).mapType: if _, ok := fieldValue.Addr().Interface().(core.Conversion); ok {
/Users/ajian/Code/codecenter/go/src/github.com/go-xorm/xorm/engine.go:636 (0x8dd4d)
	(*Engine).autoMapType: table = engine.mapType(v)
/Users/ajian/Code/codecenter/go/src/github.com/go-xorm/xorm/engine.go:657 (0x8dfeb)
	(*Engine).TableInfo: return engine.autoMapType(v)
/Users/ajian/Code/codecenter/go/src/github.com/go-xorm/xorm/session.go:1006 (0xb9859)
	(*Session).Get: session.Statement.RefTable = session.Engine.TableInfo(bean)
/Users/ajian/百度云同步盘/Workspace/Project/Baidu/Project/canary/test/eggs/rest_packer.go:112 (0x2f7c)
	(*Api).PostPackerModule: has, err := api.DB.Where("id=?", va.OriginId).Get(&dbProgram)
/Users/ajian/百度云同步盘/Workspace/Project/Baidu/Project/canary/test/eggs/rest_server.go:74 (0x5814)
	*Api.PostPackerModule.fm: &rest.Route{"POST", "/packer/module", api.PostPackerModule},
/Users/ajian/Code/codecenter/go/src/github.com/ant0ine/go-json-rest/rest/router.go:43 (0x107489)
	func.020: handler(writer, request)
/Users/ajian/Code/codecenter/go/src/github.com/ant0ine/go-json-rest/rest/auth_basic.go:76 (0x1068c5)
	func.008: handler(writer, request)
/Users/ajian/Code/codecenter/go/src/github.com/ant0ine/go-json-rest/rest/recover.go:57 (0x107384)
	func.018: h(w, r)
/Users/ajian/Code/codecenter/go/src/github.com/ant0ine/go-json-rest/rest/json_indent.go:35 (0x106d2c)
	func.012: handler(writer, r)
/Users/ajian/Code/codecenter/go/src/github.com/ant0ine/go-json-rest/rest/powered_by.go:26 (0x106f1c)
	func.015: h(w, r)
/Users/ajian/Code/codecenter/go/src/github.com/ant0ine/go-json-rest/rest/recorder.go:22 (0x106fdc)
	func.016: h(writer, r)
/Users/ajian/Code/codecenter/go/src/github.com/ant0ine/go-json-rest/rest/timer.go:20 (0x1078e0)
	func.022: h(w, r)
/Users/ajian/Code/codecenter/go/src/github.com/ant0ine/go-json-rest/rest/access_log_apache.go:78 (0x1060ce)
	func.001: h(w, r)
/Users/ajian/Code/codecenter/go/src/github.com/ant0ine/go-json-rest/rest/middleware.go:46 (0x106e4f)
	func.014: handler(writer, request)
/Users/ajian/Code/codecenter/go/src/github.com/ant0ine/go-json-rest/rest/handler.go:182 (0x102164)
	(*ResourceHandler).ServeHTTP: rh.handlerFunc(w, r)
/usr/local/Cellar/go/1.3.3/libexec/src/pkg/net/http/server.go:1673 (0x11d7af)
	serverHandler.ServeHTTP: handler.ServeHTTP(rw, req)
/usr/local/Cellar/go/1.3.3/libexec/src/pkg/net/http/server.go:1174 (0x11b3ae)
	(*conn).serve: serverHandler{c.server}.ServeHTTP(w, w.req)
/usr/local/Cellar/go/1.3.3/libexec/src/pkg/runtime/proc.c:1445 (0x1b160)
	goexit: runtime·goexit(void)
2015/02/05 20:17:32 /Users/ajian/Code/codecenter/go/src/github.com/ant0ine/go-json-rest/rest/recover.go:72: reflect.Value.Interface: cannot return value obtained from unexported field or method
/Users/ajian/Code/codecenter/go/src/github.com/ant0ine/go-json-rest/rest/recover.go:41 (0x106fc7)
	func.017: trace := debug.Stack()
/usr/local/Cellar/go/1.3.3/libexec/src/pkg/runtime/panic.c:248 (0x167cd)
	panic: runtime·newstackcall(d->fn, (byte*)d->args, d->siz);
/usr/local/Cellar/go/1.3.3/libexec/src/pkg/reflect/value.go:1081 (0x1a536c)
	valueInterface: panic("reflect.Value.Interface: cannot return value obtained from unexported field or method")
/usr/local/Cellar/go/1.3.3/libexec/src/pkg/reflect/value.go:1070 (0x1a523c)
	Value.Interface: return valueInterface(v, true)
/Users/ajian/Code/codecenter/go/src/github.com/go-xorm/xorm/engine.go:899 (0x91f28)
	(*Engine).mapType: if _, ok := fieldValue.Addr().Interface().(core.Conversion); ok {
/Users/ajian/Code/codecenter/go/src/github.com/go-xorm/xorm/engine.go:636 (0x8dbdd)
	(*Engine).autoMapType: table = engine.mapType(v)
/Users/ajian/Code/codecenter/go/src/github.com/go-xorm/xorm/engine.go:657 (0x8de7b)
	(*Engine).TableInfo: return engine.autoMapType(v)
/Users/ajian/Code/codecenter/go/src/github.com/go-xorm/xorm/session.go:1006 (0xb96e9)
	(*Session).Get: session.Statement.RefTable = session.Engine.TableInfo(bean)
/Users/ajian/百度云同步盘/Workspace/Project/Baidu/Project/canary/test/eggs/rest_packer.go:110 (0x2e59)
	(*Api).PostPackerModule: _, err := api.DB.Where("id=?", va.OriginId).Get(&dbProgram)
/Users/ajian/百度云同步盘/Workspace/Project/Baidu/Project/canary/test/eggs/rest_server.go:74 (0x56a4)
	*Api.PostPackerModule.fm: &rest.Route{"POST", "/packer/module", api.PostPackerModule},
/Users/ajian/Code/codecenter/go/src/github.com/ant0ine/go-json-rest/rest/router.go:43 (0x107319)
	func.020: handler(writer, request)
/Users/ajian/Code/codecenter/go/src/github.com/ant0ine/go-json-rest/rest/auth_basic.go:76 (0x106755)
	func.008: handler(writer, request)
/Users/ajian/Code/codecenter/go/src/github.com/ant0ine/go-json-rest/rest/recover.go:57 (0x107214)
	func.018: h(w, r)
/Users/ajian/Code/codecenter/go/src/github.com/ant0ine/go-json-rest/rest/json_indent.go:35 (0x106bbc)
	func.012: handler(writer, r)
/Users/ajian/Code/codecenter/go/src/github.com/ant0ine/go-json-rest/rest/powered_by.go:26 (0x106dac)
	func.015: h(w, r)
/Users/ajian/Code/codecenter/go/src/github.com/ant0ine/go-json-rest/rest/recorder.go:22 (0x106e6c)
	func.016: h(writer, r)
/Users/ajian/Code/codecenter/go/src/github.com/ant0ine/go-json-rest/rest/timer.go:20 (0x107770)
	func.022: h(w, r)
/Users/ajian/Code/codecenter/go/src/github.com/ant0ine/go-json-rest/rest/access_log_apache.go:78 (0x105f5e)
	func.001: h(w, r)
/Users/ajian/Code/codecenter/go/src/github.com/ant0ine/go-json-rest/rest/middleware.go:46 (0x106cdf)
	func.014: handler(writer, request)
/Users/ajian/Code/codecenter/go/src/github.com/ant0ine/go-json-rest/rest/handler.go:182 (0x101ff4)
	(*ResourceHandler).ServeHTTP: rh.handlerFunc(w, r)
/usr/local/Cellar/go/1.3.3/libexec/src/pkg/net/http/server.go:1673 (0x11d63f)
	serverHandler.ServeHTTP: handler.ServeHTTP(rw, req)
/usr/local/Cellar/go/1.3.3/libexec/src/pkg/net/http/server.go:1174 (0x11b23e)
	(*conn).serve: serverHandler{c.server}.ServeHTTP(w, w.req)
/usr/local/Cellar/go/1.3.3/libexec/src/pkg/runtime/proc.c:1445 (0x1aff0)
	goexit: runtime·goexit(void)
2015/02/05 20:18:08 /Users/ajian/Code/codecenter/go/src/github.com/ant0ine/go-json-rest/rest/recover.go:72: reflect.Value.Interface: cannot return value obtained from unexported field or method
/Users/ajian/Code/codecenter/go/src/github.com/ant0ine/go-json-rest/rest/recover.go:41 (0x107057)
	func.017: trace := debug.Stack()
/usr/local/Cellar/go/1.3.3/libexec/src/pkg/runtime/panic.c:248 (0x1685d)
	panic: runtime·newstackcall(d->fn, (byte*)d->args, d->siz);
/usr/local/Cellar/go/1.3.3/libexec/src/pkg/reflect/value.go:1081 (0x1a53fc)
	valueInterface: panic("reflect.Value.Interface: cannot return value obtained from unexported field or method")
/usr/local/Cellar/go/1.3.3/libexec/src/pkg/reflect/value.go:1070 (0x1a52cc)
	Value.Interface: return valueInterface(v, true)
/Users/ajian/Code/codecenter/go/src/github.com/go-xorm/xorm/engine.go:899 (0x91fb8)
	(*Engine).mapType: if _, ok := fieldValue.Addr().Interface().(core.Conversion); ok {
/Users/ajian/Code/codecenter/go/src/github.com/go-xorm/xorm/engine.go:636 (0x8dc6d)
	(*Engine).autoMapType: table = engine.mapType(v)
/Users/ajian/Code/codecenter/go/src/github.com/go-xorm/xorm/engine.go:657 (0x8df0b)
	(*Engine).TableInfo: return engine.autoMapType(v)
/Users/ajian/Code/codecenter/go/src/github.com/go-xorm/xorm/session.go:1006 (0xb9779)
	(*Session).Get: session.Statement.RefTable = session.Engine.TableInfo(bean)
/Users/ajian/百度云同步盘/Workspace/Project/Baidu/Project/canary/test/eggs/rest_packer.go:110 (0x2e59)
	(*Api).PostPackerModule: _, err := api.DB.Where("id=?", va.OriginId).Get(&dbProgram)
/Users/ajian/百度云同步盘/Workspace/Project/Baidu/Project/canary/test/eggs/rest_server.go:74 (0x5734)
	*Api.PostPackerModule.fm: &rest.Route{"POST", "/packer/module", api.PostPackerModule},
/Users/ajian/Code/codecenter/go/src/github.com/ant0ine/go-json-rest/rest/router.go:43 (0x1073a9)
	func.020: handler(writer, request)
/Users/ajian/Code/codecenter/go/src/github.com/ant0ine/go-json-rest/rest/auth_basic.go:76 (0x1067e5)
	func.008: handler(writer, request)
/Users/ajian/Code/codecenter/go/src/github.com/ant0ine/go-json-rest/rest/recover.go:57 (0x1072a4)
	func.018: h(w, r)
/Users/ajian/Code/codecenter/go/src/github.com/ant0ine/go-json-rest/rest/json_indent.go:35 (0x106c4c)
	func.012: handler(writer, r)
/Users/ajian/Code/codecenter/go/src/github.com/ant0ine/go-json-rest/rest/powered_by.go:26 (0x106e3c)
	func.015: h(w, r)
/Users/ajian/Code/codecenter/go/src/github.com/ant0ine/go-json-rest/rest/recorder.go:22 (0x106efc)
	func.016: h(writer, r)
/Users/ajian/Code/codecenter/go/src/github.com/ant0ine/go-json-rest/rest/timer.go:20 (0x107800)
	func.022: h(w, r)
/Users/ajian/Code/codecenter/go/src/github.com/ant0ine/go-json-rest/rest/access_log_apache.go:78 (0x105fee)
	func.001: h(w, r)
/Users/ajian/Code/codecenter/go/src/github.com/ant0ine/go-json-rest/rest/middleware.go:46 (0x106d6f)
	func.014: handler(writer, request)
/Users/ajian/Code/codecenter/go/src/github.com/ant0ine/go-json-rest/rest/handler.go:182 (0x102084)
	(*ResourceHandler).ServeHTTP: rh.handlerFunc(w, r)
/usr/local/Cellar/go/1.3.3/libexec/src/pkg/net/http/server.go:1673 (0x11d6cf)
	serverHandler.ServeHTTP: handler.ServeHTTP(rw, req)
/usr/local/Cellar/go/1.3.3/libexec/src/pkg/net/http/server.go:1174 (0x11b2ce)
	(*conn).serve: serverHandler{c.server}.ServeHTTP(w, w.req)
/usr/local/Cellar/go/1.3.3/libexec/src/pkg/runtime/proc.c:1445 (0x1b080)
	goexit: runtime·goexit(void)
2015/02/05 20:24:36 /Users/ajian/Code/codecenter/go/src/github.com/ant0ine/go-json-rest/rest/recover.go:72: reflect.Value.Interface: cannot return value obtained from unexported field or method
/Users/ajian/Code/codecenter/go/src/github.com/ant0ine/go-json-rest/rest/recover.go:41 (0x107107)
	func.017: trace := debug.Stack()
/usr/local/Cellar/go/1.3.3/libexec/src/pkg/runtime/panic.c:248 (0x1690d)
	panic: runtime·newstackcall(d->fn, (byte*)d->args, d->siz);
/usr/local/Cellar/go/1.3.3/libexec/src/pkg/reflect/value.go:1081 (0x1a54ac)
	valueInterface: panic("reflect.Value.Interface: cannot return value obtained from unexported field or method")
/usr/local/Cellar/go/1.3.3/libexec/src/pkg/reflect/value.go:1070 (0x1a537c)
	Value.Interface: return valueInterface(v, true)
/Users/ajian/Code/codecenter/go/src/github.com/go-xorm/xorm/engine.go:899 (0x92068)
	(*Engine).mapType: if _, ok := fieldValue.Addr().Interface().(core.Conversion); ok {
/Users/ajian/Code/codecenter/go/src/github.com/go-xorm/xorm/engine.go:636 (0x8dd1d)
	(*Engine).autoMapType: table = engine.mapType(v)
/Users/ajian/Code/codecenter/go/src/github.com/go-xorm/xorm/engine.go:657 (0x8dfbb)
	(*Engine).TableInfo: return engine.autoMapType(v)
/Users/ajian/Code/codecenter/go/src/github.com/go-xorm/xorm/session.go:1006 (0xb9829)
	(*Session).Get: session.Statement.RefTable = session.Engine.TableInfo(bean)
/Users/ajian/百度云同步盘/Workspace/Project/Baidu/Project/canary/test/eggs/rest_packer.go:110 (0x2e5c)
	(*Api).PostPackerModule: has, err := api.DB.Where("id=?", va.OriginId).Get(&dbProgram)
/Users/ajian/百度云同步盘/Workspace/Project/Baidu/Project/canary/test/eggs/rest_server.go:75 (0x57e4)
	*Api.PostPackerModule.fm: &rest.Route{"POST", "/packer/module", api.PostPackerModule},
/Users/ajian/Code/codecenter/go/src/github.com/ant0ine/go-json-rest/rest/router.go:43 (0x107459)
	func.020: handler(writer, request)
/Users/ajian/Code/codecenter/go/src/github.com/ant0ine/go-json-rest/rest/auth_basic.go:76 (0x106895)
	func.008: handler(writer, request)
/Users/ajian/Code/codecenter/go/src/github.com/ant0ine/go-json-rest/rest/recover.go:57 (0x107354)
	func.018: h(w, r)
/Users/ajian/Code/codecenter/go/src/github.com/ant0ine/go-json-rest/rest/json_indent.go:35 (0x106cfc)
	func.012: handler(writer, r)
/Users/ajian/Code/codecenter/go/src/github.com/ant0ine/go-json-rest/rest/powered_by.go:26 (0x106eec)
	func.015: h(w, r)
/Users/ajian/Code/codecenter/go/src/github.com/ant0ine/go-json-rest/rest/recorder.go:22 (0x106fac)
	func.016: h(writer, r)
/Users/ajian/Code/codecenter/go/src/github.com/ant0ine/go-json-rest/rest/timer.go:20 (0x1078b0)
	func.022: h(w, r)
/Users/ajian/Code/codecenter/go/src/github.com/ant0ine/go-json-rest/rest/access_log_apache.go:78 (0x10609e)
	func.001: h(w, r)
/Users/ajian/Code/codecenter/go/src/github.com/ant0ine/go-json-rest/rest/middleware.go:46 (0x106e1f)
	func.014: handler(writer, request)
/Users/ajian/Code/codecenter/go/src/github.com/ant0ine/go-json-rest/rest/handler.go:182 (0x102134)
	(*ResourceHandler).ServeHTTP: rh.handlerFunc(w, r)
/usr/local/Cellar/go/1.3.3/libexec/src/pkg/net/http/server.go:1673 (0x11d77f)
	serverHandler.ServeHTTP: handler.ServeHTTP(rw, req)
/usr/local/Cellar/go/1.3.3/libexec/src/pkg/net/http/server.go:1174 (0x11b37e)
	(*conn).serve: serverHandler{c.server}.ServeHTTP(w, w.req)
/usr/local/Cellar/go/1.3.3/libexec/src/pkg/runtime/proc.c:1445 (0x1b130)
	goexit: runtime·goexit(void)
