27/Jan/2015:13:01:13 +0800 [0;31m500[0m [36;1m8512μs[0m "POST /register/module HTTP/1.1" [1;30morp "curl/7.37.1"[0m
27/Jan/2015:13:01:48 +0800 [0;31m500[0m [36;1m1255μs[0m "POST /register/module HTTP/1.1" [1;30morp "curl/7.37.1"[0m
27/Jan/2015:13:02:19 +0800 [0;31m500[0m [36;1m1334μs[0m "POST /register/module HTTP/1.1" [1;30morp "curl/7.37.1"[0m
27/Jan/2015:13:06:32 +0800 [0;31m500[0m [36;1m1804μs[0m "POST /register/module HTTP/1.1" [1;30morp "curl/7.37.1"[0m
27/Jan/2015:13:10:15 +0800 [0;31m500[0m [36;1m1062μs[0m "POST /register/module HTTP/1.1" [1;30morp "curl/7.37.1"[0m
27/Jan/2015:13:13:55 +0800 [0;31m500[0m [36;1m3980μs[0m "POST /register/module HTTP/1.1" [1;30morp "curl/7.37.1"[0m
27/Jan/2015:13:14:39 +0800 [0;31m500[0m [36;1m1400μs[0m "POST /register/module HTTP/1.1" [1;30morp "curl/7.37.1"[0m
27/Jan/2015:13:23:19 +0800 [0;31m500[0m [36;1m1662μs[0m "POST /register/module HTTP/1.1" [1;30morp "curl/7.37.1"[0m
27/Jan/2015:13:24:48 +0800 [0;31m500[0m [36;1m1624μs[0m "POST /register/module HTTP/1.1" [1;30morp "curl/7.37.1"[0m
27/Jan/2015:13:52:29 +0800 [0;31m500[0m [36;1m2159μs[0m "POST /register/module HTTP/1.1" [1;30morp "curl/7.37.1"[0m
27/Jan/2015:13:54:51 +0800 [0;31m500[0m [36;1m2306μs[0m "POST /register/module HTTP/1.1" [1;30morp "curl/7.37.1"[0m
27/Jan/2015:14:27:33 +0800 [0;32m200[0m [36;1m31827μs[0m "POST /register/module HTTP/1.1" [1;30morp "curl/7.37.1"[0m
27/Jan/2015:14:37:36 +0800 [1;33m401[0m [36;1m586μs[0m "GET /register/module HTTP/1.1" [1;30m- "curl/7.37.1"[0m
27/Jan/2015:14:37:57 +0800 [0;32m200[0m [36;1m36007μs[0m "GET /register/module HTTP/1.1" [1;30morp "curl/7.37.1"[0m
27/Jan/2015:14:39:03 +0800 [1;33m404[0m [36;1m11045μs[0m "GET /register/module/1 HTTP/1.1" [1;30morp "curl/7.37.1"[0m
27/Jan/2015:14:39:06 +0800 [1;33m404[0m [36;1m1185μs[0m "GET /register/module/5 HTTP/1.1" [1;30morp "curl/7.37.1"[0m
27/Jan/2015:14:39:08 +0800 [1;33m404[0m [36;1m1544μs[0m "GET /register/module/6 HTTP/1.1" [1;30morp "curl/7.37.1"[0m
27/Jan/2015:14:39:10 +0800 [1;33m404[0m [36;1m1523μs[0m "GET /register/module/2 HTTP/1.1" [1;30morp "curl/7.37.1"[0m
27/Jan/2015:14:39:12 +0800 [1;33m404[0m [36;1m1833μs[0m "GET /register/module/1 HTTP/1.1" [1;30morp "curl/7.37.1"[0m
27/Jan/2015:14:39:22 +0800 [1;33m404[0m [36;1m1324μs[0m "GET /register/module/10 HTTP/1.1" [1;30morp "curl/7.37.1"[0m
27/Jan/2015:14:41:28 +0800 [1;33m404[0m [36;1m8907μs[0m "GET /register/module/10 HTTP/1.1" [1;30morp "curl/7.37.1"[0m
27/Jan/2015:14:44:08 +0800 [1;33m404[0m [36;1m1990μs[0m "GET /register/module/10 HTTP/1.1" [1;30morp "curl/7.37.1"[0m
27/Jan/2015:14:44:10 +0800 [1;33m404[0m [36;1m1175μs[0m "GET /register/module/10 HTTP/1.1" [1;30morp "curl/7.37.1"[0m
27/Jan/2015:14:48:11 +0800 [1;33m404[0m [36;1m2274μs[0m "GET /register/module/10 HTTP/1.1" [1;30morp "curl/7.37.1"[0m
27/Jan/2015:14:50:13 +0800 [1;33m404[0m [36;1m2221μs[0m "GET /register/module/10 HTTP/1.1" [1;30morp "curl/7.37.1"[0m
27/Jan/2015:14:51:10 +0800 [1;33m404[0m [36;1m1357μs[0m "GET /register/module/10 HTTP/1.1" [1;30morp "curl/7.37.1"[0m
27/Jan/2015:14:51:33 +0800 [1;33m404[0m [36;1m3089μs[0m "GET /register/module/10 HTTP/1.1" [1;30morp "curl/7.37.1"[0m
27/Jan/2015:14:53:18 +0800 [1;33m404[0m [36;1m2853μs[0m "GET /register/module/10 HTTP/1.1" [1;30morp "curl/7.37.1"[0m
27/Jan/2015:14:59:04 +0800 [1;33m404[0m [36;1m2557μs[0m "GET /register/module/10 HTTP/1.1" [1;30morp "curl/7.37.1"[0m
27/Jan/2015:15:05:13 +0800 [1;33m404[0m [36;1m1637μs[0m "GET /register/module/10 HTTP/1.1" [1;30morp "curl/7.37.1"[0m
27/Jan/2015:15:07:06 +0800 [1;33m404[0m [36;1m1551μs[0m "GET /register/module/10 HTTP/1.1" [1;30morp "curl/7.37.1"[0m
27/Jan/2015:15:11:28 +0800 [1;33m404[0m [36;1m2510μs[0m "GET /register/module/10 HTTP/1.1" [1;30morp "curl/7.37.1"[0m
27/Jan/2015:15:16:48 +0800 [1;33m404[0m [36;1m8906μs[0m "GET /register/module/10 HTTP/1.1" [1;30morp "curl/7.37.1"[0m
27/Jan/2015:15:18:41 +0800 [1;33m404[0m [36;1m2699μs[0m "GET /register/module/10 HTTP/1.1" [1;30morp "curl/7.37.1"[0m
27/Jan/2015:15:19:02 +0800 [1;33m404[0m [36;1m2699μs[0m "GET /register/module/10 HTTP/1.1" [1;30morp "curl/7.37.1"[0m
27/Jan/2015:15:20:04 +0800 [1;33m404[0m [36;1m2723μs[0m "GET /register/module/10 HTTP/1.1" [1;30morp "curl/7.37.1"[0m
27/Jan/2015:15:25:12 +0800 [1;33m404[0m [36;1m2491μs[0m "GET /register/module/10 HTTP/1.1" [1;30morp "curl/7.37.1"[0m
27/Jan/2015:15:31:25 +0800 [1;33m404[0m [36;1m2576μs[0m "GET /register/module/10 HTTP/1.1" [1;30morp "curl/7.37.1"[0m
27/Jan/2015:15:34:02 +0800 [1;33m404[0m [36;1m2610μs[0m "GET /register/module/10 HTTP/1.1" [1;30morp "curl/7.37.1"[0m
27/Jan/2015:15:35:49 +0800 [1;33m404[0m [36;1m1786μs[0m "GET /register/module/10 HTTP/1.1" [1;30morp "curl/7.37.1"[0m
27/Jan/2015:15:37:13 +0800 [0;31m500[0m [36;1m11839μs[0m "POST /register/module HTTP/1.1" [1;30morp "curl/7.37.1"[0m
27/Jan/2015:15:41:50 +0800 [0;32m200[0m [36;1m23443μs[0m "POST /register/module HTTP/1.1" [1;30morp "curl/7.37.1"[0m
27/Jan/2015:15:42:26 +0800 [1;33m404[0m [36;1m9147μs[0m "GET /register/module/1 HTTP/1.1" [1;30morp "curl/7.37.1"[0m
27/Jan/2015:17:00:31 +0800 [1;33m404[0m [36;1m64414μs[0m "GET /register/module/1 HTTP/1.1" [1;30morp "curl/7.37.1"[0m
27/Jan/2015:17:01:06 +0800 [0;31m500[0m [36;1m644μs[0m "POST /register/module HTTP/1.1" [1;30morp "curl/7.37.1"[0m
27/Jan/2015:17:08:24 +0800 [0;32m200[0m [36;1m20212μs[0m "POST /register/module HTTP/1.1" [1;30morp "curl/7.37.1"[0m
27/Jan/2015:17:08:42 +0800 [0;32m200[0m [36;1m12850μs[0m "GET /register/module/1 HTTP/1.1" [1;30morp "curl/7.37.1"[0m
27/Jan/2015:17:08:45 +0800 [0;32m200[0m [36;1m885μs[0m "GET /register/module/2 HTTP/1.1" [1;30morp "curl/7.37.1"[0m
27/Jan/2015:17:16:50 +0800 [1;33m404[0m [36;1m525μs[0m "GET /register/module/ HTTP/1.1" [1;30morp "curl/7.37.1"[0m
27/Jan/2015:17:16:52 +0800 [0;32m200[0m [36;1m12722μs[0m "GET /register/module HTTP/1.1" [1;30morp "curl/7.37.1"[0m
27/Jan/2015:17:19:19 +0800 [0;32m200[0m [36;1m8532μs[0m "GET /register/module/1 HTTP/1.1" [1;30morp "curl/7.37.1"[0m
27/Jan/2015:17:19:25 +0800 [0;32m200[0m [36;1m1480μs[0m "GET /register/module/2 HTTP/1.1" [1;30morp "curl/7.37.1"[0m
27/Jan/2015:17:19:27 +0800 [0;32m200[0m [36;1m745μs[0m "GET /register/module/3 HTTP/1.1" [1;30morp "curl/7.37.1"[0m
27/Jan/2015:17:19:30 +0800 [0;32m200[0m [36;1m641μs[0m "GET /register/module/4 HTTP/1.1" [1;30morp "curl/7.37.1"[0m
27/Jan/2015:17:19:32 +0800 [0;32m200[0m [36;1m747μs[0m "GET /register/module/5 HTTP/1.1" [1;30morp "curl/7.37.1"[0m
27/Jan/2015:17:26:20 +0800 [0;32m200[0m [36;1m1990μs[0m "GET /register/module/5 HTTP/1.1" [1;30morp "curl/7.37.1"[0m
27/Jan/2015:20:59:17 +0800 [0;32m200[0m [36;1m13144μs[0m "GET /packer/1 HTTP/1.1" [1;30morp "curl/7.37.1"[0m
27/Jan/2015:21:06:15 +0800 [0;31m500[0m [36;1m2608μs[0m "POST /packer HTTP/1.1" [1;30morp "curl/7.37.1"[0m
27/Jan/2015:21:09:23 +0800 [0;31m500[0m [36;1m161μs[0m "POST /packer HTTP/1.1" [1;30morp "curl/7.37.1"[0m
27/Jan/2015:21:29:41 +0800 [0;31m500[0m [36;1m191μs[0m "POST /packer HTTP/1.1" [1;30morp "curl/7.37.1"[0m
27/Jan/2015:21:30:50 +0800 [0;31m500[0m [36;1m185μs[0m "POST /packer HTTP/1.1" [1;30morp "curl/7.37.1"[0m
27/Jan/2015:21:33:36 +0800 [0;31m500[0m [36;1m3446μs[0m "POST /packer HTTP/1.1" [1;30morp "curl/7.37.1"[0m
27/Jan/2015:21:34:16 +0800 [0;32m200[0m [36;1m68054μs[0m "POST /packer HTTP/1.1" [1;30morp "curl/7.37.1"[0m
27/Jan/2015:21:39:13 +0800 [0;32m200[0m [36;1m19337μs[0m "POST /packer HTTP/1.1" [1;30morp "curl/7.37.1"[0m
27/Jan/2015:22:14:35 +0800 [0;32m200[0m [36;1m6683μs[0m "GET /register/module/5 HTTP/1.1" [1;30morp "curl/7.37.1"[0m
27/Jan/2015:22:15:02 +0800 [0;32m200[0m [36;1m18417μs[0m "GET /register/module HTTP/1.1" [1;30morp "curl/7.37.1"[0m
27/Jan/2015:22:23:53 +0800 [0;32m200[0m [36;1m25361μs[0m "POST /register/module HTTP/1.1" [1;30morp "curl/7.37.1"[0m
27/Jan/2015:22:24:24 +0800 [0;32m200[0m [36;1m955μs[0m "GET /register/module HTTP/1.1" [1;30morp "curl/7.37.1"[0m
28/Jan/2015:10:40:04 +0800 [0;32m200[0m [36;1m15008μs[0m "GET /register/module HTTP/1.1" [1;30morp "curl/7.37.1"[0m
28/Jan/2015:10:40:11 +0800 [0;32m200[0m [36;1m7208μs[0m "GET /register/module/3 HTTP/1.1" [1;30morp "curl/7.37.1"[0m
